<?xml version="1.0" encoding="UTF-8"?>
<!-- Generated by org.testng.reporters.JUnitXMLReporter -->
<testsuite ignored="20" hostname="Desktop-22" failures="1" tests="12" name="Test" time="93.995" errors="0" timestamp="2025-08-05T12:25:57 IST">
  <testcase classname="Dashboard.Create_Account_Test_Cases.TC_04_Verify_Mandatory_Fields" name="TC_04_Verify_mandatory_fields" time="5.917"/>
  <testcase classname="Dashboard.Create_Account_Test_Cases.TC_12_Verify_Already_Exisitng_Account_Error" name="TC_12_Verify_already_exisitng_account_error" time="7.806"/>
  <testcase classname="Dashboard.Create_Account_Test_Cases.TC_09_Verify_Invalid_Email_Format" name="TC_09_Verify_error_for_invalid_email" time="6.433"/>
  <testcase classname="Dashboard.Create_Account_Test_Cases.TC_06_Verify_Empty_Last_Name" name="TC_06_Verify_error_for_empty_last_name" time="6.043"/>
  <testcase classname="Dashboard.Create_Account_Test_Cases.TC_08_Verify_Empty_Password" name="TC_08_Verify_error_for_empty_password" time="6.257"/>
  <testcase classname="Dashboard.Create_Account_Test_Cases.TC_07_Verify_Empty_Email" name="TC_07_Verify_error_for_empty_email" time="6.049"/>
  <testcase classname="Dashboard.Create_Account_Test_Cases.TC_10_Verify_Invalid_Password_Format" name="TC_10_Verify_error_for_invalid_password" time="6.303"/>
  <testcase classname="Dashboard.Create_Account_Test_Cases.TC_05_Verify_Empty_First_Name" name="TC_05_Verify_error_for_empty_first_name" time="6.133"/>
  <testcase classname="Dashboard.Create_Account_Test_Cases.TC_01_Verify_That_The_Create_Account_Page_Loads_Correctly" name="TC_01_Verify_that_the_create_account_page_loads_correctly" time="2.354"/>
  <testcase classname="Dashboard.Create_Account_Test_Cases.TC_02_And_03_Verify_Successful_Account_Creation_With_Valid_Data" name="TC_02_Verify_successful_account_creation_with_valid_data" time="7.338"/>
  <testcase classname="Dashboard.Create_Account_Test_Cases.TC_02_And_03_Verify_Successful_Account_Creation_With_Valid_Data" name="TC_03_Verify_account_created_via_email_link" time="9.706">
    <failure type="java.lang.NullPointerException">
      <![CDATA[java.lang.NullPointerException
at java.base/java.util.Objects.requireNonNull(Objects.java:233)
at java.base/java.util.ImmutableCollections$Map1.<init>(ImmutableCollections.java:1112)
at java.base/java.util.Map.of(Map.java:1365)
at org.openqa.selenium.remote.DriverCommand.GET(DriverCommand.java:180)
at org.openqa.selenium.remote.RemoteWebDriver.get(RemoteWebDriver.java:313)
at Test.Dashboard.Actions_Class.Create_Account_Actions.validateEmailLink(Create_Account_Actions.java:69)
at Dashboard.Create_Account_Test_Cases.TC_02_And_03_Verify_Successful_Account_Creation_With_Valid_Data.TC_03_Verify_account_created_via_email_link(TC_02_And_03_Verify_Successful_Account_Creation_With_Valid_Data.java:26)
at java.base/java.util.ArrayList.forEach(ArrayList.java:1596)
... Removed 25 stack frames]]>
    </failure>
  </testcase> <!-- TC_03_Verify_account_created_via_email_link -->
  <testcase classname="Dashboard.Create_Account_Test_Cases.TC_11_Verify_That_Marketing_Consent_Checkbox_Is_Optional" name="TC_11_Verify_successful_account_creation_with_valid_data" time="7.418"/>
  <testcase classname="initializer.BaseClass" name="@BeforeSuite beforeSuite" time="0.0">
    <ignored/>
  </testcase> <!-- @BeforeSuite beforeSuite -->
  <testcase classname="initializer.BaseClass" name="@AfterSuite afterSuite" time="0.0">
    <ignored/>
  </testcase> <!-- @AfterSuite afterSuite -->
  <testcase classname="initializer.BaseClass" name="@AfterSuite afterSuite" time="0.0">
    <ignored/>
  </testcase> <!-- @AfterSuite afterSuite -->
  <testcase classname="initializer.BaseClass" name="@BeforeSuite beforeSuite" time="0.0">
    <ignored/>
  </testcase> <!-- @BeforeSuite beforeSuite -->
  <testcase classname="initializer.BaseClass" name="@BeforeSuite beforeSuite" time="0.0">
    <ignored/>
  </testcase> <!-- @BeforeSuite beforeSuite -->
  <testcase classname="initializer.BaseClass" name="@AfterSuite afterSuite" time="0.0">
    <ignored/>
  </testcase> <!-- @AfterSuite afterSuite -->
  <testcase classname="initializer.BaseClass" name="@AfterSuite afterSuite" time="0.0">
    <ignored/>
  </testcase> <!-- @AfterSuite afterSuite -->
  <testcase classname="initializer.BaseClass" name="@BeforeSuite beforeSuite" time="0.0">
    <ignored/>
  </testcase> <!-- @BeforeSuite beforeSuite -->
  <testcase classname="initializer.BaseClass" name="@BeforeSuite beforeSuite" time="0.0">
    <ignored/>
  </testcase> <!-- @BeforeSuite beforeSuite -->
  <testcase classname="initializer.BaseClass" name="@AfterSuite afterSuite" time="0.0">
    <ignored/>
  </testcase> <!-- @AfterSuite afterSuite -->
  <testcase classname="initializer.BaseClass" name="@BeforeSuite beforeSuite" time="0.0">
    <ignored/>
  </testcase> <!-- @BeforeSuite beforeSuite -->
  <testcase classname="initializer.BaseClass" name="@BeforeSuite beforeSuite" time="0.0">
    <ignored/>
  </testcase> <!-- @BeforeSuite beforeSuite -->
  <testcase classname="initializer.BaseClass" name="@AfterSuite afterSuite" time="0.0">
    <ignored/>
  </testcase> <!-- @AfterSuite afterSuite -->
  <testcase classname="initializer.BaseClass" name="@AfterSuite afterSuite" time="0.0">
    <ignored/>
  </testcase> <!-- @AfterSuite afterSuite -->
  <testcase classname="initializer.BaseClass" name="@BeforeSuite beforeSuite" time="0.0">
    <ignored/>
  </testcase> <!-- @BeforeSuite beforeSuite -->
  <testcase classname="initializer.BaseClass" name="@AfterSuite afterSuite" time="0.0">
    <ignored/>
  </testcase> <!-- @AfterSuite afterSuite -->
  <testcase classname="initializer.BaseClass" name="@BeforeSuite beforeSuite" time="0.0">
    <ignored/>
  </testcase> <!-- @BeforeSuite beforeSuite -->
  <testcase classname="initializer.BaseClass" name="@AfterSuite afterSuite" time="0.0">
    <ignored/>
  </testcase> <!-- @AfterSuite afterSuite -->
  <testcase classname="initializer.BaseClass" name="@AfterSuite afterSuite" time="0.0">
    <ignored/>
  </testcase> <!-- @AfterSuite afterSuite -->
  <testcase classname="initializer.BaseClass" name="@BeforeSuite beforeSuite" time="0.0">
    <ignored/>
  </testcase> <!-- @BeforeSuite beforeSuite -->
</testsuite> <!-- Test -->
